Arguments: 
  C:\Program Files\nodejs\node.exe C:\Program Files (x86)\Yarn\bin\yarn.js build

PATH: 
  D:\Coding_Files\JavaScript\Random\node-openmp\node_modules\.bin;C:\Users\coolh\AppData\Local\Yarn\Data\link\node_modules\.bin;D:\Coding_Files\JavaScript\Random\node-openmp\node_modules\.bin;C:\Users\coolh\AppData\Local\Yarn\Data\link\node_modules\.bin;C:\Program Files\libexec\lib\node_modules\npm\bin\node-gyp-bin;C:\Program Files\lib\node_modules\npm\bin\node-gyp-bin;C:\Program Files\nodejs\node_modules\npm\bin\node-gyp-bin;D:\Program Files 2\CMDer\bin;D:\Program Files 2\CMDer\vendor\conemu-maximus5\ConEmu\Scripts;D:\Program Files 2\CMDer\vendor\conemu-maximus5;D:\Program Files 2\CMDer\vendor\conemu-maximus5\ConEmu;C:\Python27\;C:\Python27\Scripts;C:\WINDOWS\system32;C:\WINDOWS;C:\WINDOWS\System32\Wbem;C:\WINDOWS\System32\WindowsPowerShell\v1.0\;C:\Program Files\Git\cmd;D:\Coding_Files\scripts\;C:\Program Files\NASM;D:\Program_Files_3\qemu;D:\Program_Files_3\CMake\bin;D:\Program_Files_3\GnuWin32\bin;D:\Program_Files_3\Android_SDK\platform-tools;C:\Program Files\Java\jdk1.8.0_161\bin;C:\Program Files (x86)\Yarn\bin\;D:\Program_Files_3\MinGW-w64\mingw64\bin;C:\Program Files\nodejs\;D:\Program_Files_3\opencv\release\install\x64\mingw\bin;C:\Program Files (x86)\Windows Live\Shared;D:\Coding_Files\Go\bin;D:\Program_Files_3\arrayfire\lib;D:\Program_Files_3\Go\bin;D:\Program_Files_3\MinGW-w64\perl-5.24.0\bin;C:\Program Files (x86)\AMD APP SDK\3.0\bin\x86_64;C:\Program Files (x86)\AMD APP SDK\3.0\bin\x86;C:\Users\coolh\.cargo\bin;C:\Users\coolh\AppData\Local\Microsoft\WindowsApps;C:\Program Files\Microsoft VS Code\bin;C:\Program Files\Java\jdk1.8.0_161\bin;C:\Users\coolh\AppData\Local\Yarn\bin;D:\Program_Files_3\LLVM\bin;D:\Program_Files_3\boost_build\bin;C:\Users\coolh\AppData\Roaming\npm;D:\Program_Files_3\arrayfire\lib;;C:\Program Files\Git\usr\bin;C:\Program Files\Git\usr\share\vim\vim74;D:\Program Files 2\CMDer\

Yarn version: 
  1.5.1

Node version: 
  9.9.0

Platform: 
  win32 x64

npm manifest: 
  {
    "name": "node-openmp",
    "version": "1.0.0",
    "main": "index.js",
    "license": "MIT",
    "scripts": {
      "start": "nodemon --watch src -e js,cc --exec \"yarn build && cls && node --no-warnings src/index.js\" ",
      "build": "node-gyp configure build"
    },
    "dependencies": {
      "node-addon-api": "^1.2.0"
    }
  }

yarn manifest: 
  No manifest

Lockfile: 
  # THIS IS AN AUTOGENERATED FILE. DO NOT EDIT THIS FILE DIRECTLY.
  # yarn lockfile v1
  
  
  node-addon-api@^1.2.0:
    version "1.2.0"
    resolved "https://registry.yarnpkg.com/node-addon-api/-/node-addon-api-1.2.0.tgz#2d378bbed60cbb7b9e2c505c6833eed8723f41c4"

Trace: 
  Error: Command failed.
  Exit code: 1
  Command: C:\WINDOWS\system32\cmd.exe
  Arguments: /d /s /c node-gyp configure build
  Directory: D:\Coding_Files\JavaScript\Random\node-openmp
  Output:
  
      at ProcessTermError.MessageError (C:\Program Files (x86)\Yarn\lib\cli.js:186:110)
      at new ProcessTermError (C:\Program Files (x86)\Yarn\lib\cli.js:226:113)
      at ChildProcess.<anonymous> (C:\Program Files (x86)\Yarn\lib\cli.js:30281:17)
      at ChildProcess.emit (events.js:180:13)
      at maybeClose (internal/child_process.js:936:16)
      at Process.ChildProcess._handle.onexit (internal/child_process.js:220:5)
